<?xml version="1.0" encoding="UTF-8"?>
<testsuite name="com.inventory.selenium.DeleteProductTest" tests="1" skipped="0" failures="0" errors="0" timestamp="2021-12-17T15:35:57" hostname="Lukass-MacBook-Pro.local" time="30.128">
  <properties/>
  <testcase name="all_product_tests()" classname="com.inventory.selenium.DeleteProductTest" time="30.128"/>
  <system-out><![CDATA[10:35:54.485 [Test worker] DEBUG io.github.bonigarcia.wdm.cache.ResolutionCache - Resolution chrome=96 in cache (valid until 11:27:29 17/12/2021 EST)
10:35:54.492 [Test worker] DEBUG io.github.bonigarcia.wdm.cache.ResolutionCache - Resolution chrome96=96.0.4664.45 in cache (valid until 13:10:42 17/12/2021 EST)
10:35:54.492 [Test worker] INFO io.github.bonigarcia.wdm.WebDriverManager - Using chromedriver 96.0.4664.45 (resolved driver for Chrome 96)
10:35:54.517 [Test worker] DEBUG io.github.bonigarcia.wdm.WebDriverManager - Driver chromedriver 96.0.4664.45 found in cache
10:35:54.518 [Test worker] INFO io.github.bonigarcia.wdm.WebDriverManager - Exporting webdriver.chrome.driver as /Users/lukas/.cache/selenium/chromedriver/mac64/96.0.4664.45/chromedriver
]]></system-out>
  <system-err><![CDATA[Starting ChromeDriver 96.0.4664.45 (76e4c1bb2ab4671b8beba3444e61c0f17584b2fc-refs/branch-heads/4664@{#947}) on port 7705
Only local connections are allowed.
Please see https://chromedriver.chromium.org/security-considerations for suggestions on keeping ChromeDriver safe.
ChromeDriver was started successfully.
Dec. 17, 2021 10:35:56 A.M. org.openqa.selenium.remote.ProtocolHandshake createSession
INFO: Detected dialect: W3C
]]></system-err>
</testsuite>
