<?xml version="1.0" encoding="UTF-8"?>
<testsuite name="com.inventory.selenium.DeleteProductTest" tests="1" skipped="0" failures="0" errors="0" timestamp="2022-01-12T17:01:16" hostname="Lukass-MacBook-Pro.local" time="13.017">
  <properties/>
  <testcase name="add_product_test()" classname="com.inventory.selenium.DeleteProductTest" time="13.017"/>
  <system-out><![CDATA[12:01:14.213 [Test worker] DEBUG io.github.bonigarcia.wdm.cache.ResolutionCache - Resolution chrome=97 in cache (valid until 12:56:37 12/01/2022 EST)
12:01:14.219 [Test worker] DEBUG io.github.bonigarcia.wdm.cache.ResolutionCache - Resolution chrome97=97.0.4692.71 in cache (valid until 11:56:37 13/01/2022 EST)
12:01:14.219 [Test worker] INFO io.github.bonigarcia.wdm.WebDriverManager - Using chromedriver 97.0.4692.71 (resolved driver for Chrome 97)
12:01:14.245 [Test worker] DEBUG io.github.bonigarcia.wdm.WebDriverManager - Driver chromedriver 97.0.4692.71 found in cache
12:01:14.246 [Test worker] INFO io.github.bonigarcia.wdm.WebDriverManager - Exporting webdriver.chrome.driver as /Users/lukas/.cache/selenium/chromedriver/mac64/97.0.4692.71/chromedriver
]]></system-out>
  <system-err><![CDATA[Starting ChromeDriver 97.0.4692.71 (adefa7837d02a07a604c1e6eff0b3a09422ab88d-refs/branch-heads/4692@{#1247}) on port 9178
Only local connections are allowed.
Please see https://chromedriver.chromium.org/security-considerations for suggestions on keeping ChromeDriver safe.
ChromeDriver was started successfully.
Jan. 12, 2022 12:01:16 P.M. org.openqa.selenium.remote.ProtocolHandshake createSession
INFO: Detected dialect: W3C
]]></system-err>
</testsuite>
